<?xml version="1.0" encoding="UTF-8"?>
<!-- Generated by org.testng.reporters.JUnitXMLReporter -->
<testsuite ignored="0" hostname="Pranay" failures="0" tests="4" name="Surefire test" time="0.073" errors="0" timestamp="2026-04-06T14:16:01 IST">
  <testcase classname="student_management.StudentServiceTest" name="testAddStudent" time="0.01"/>
  <testcase classname="student_management.StudentServiceTest" name="testDeleteStudent" time="0.0"/>
  <testcase classname="student_management.StudentServiceTest" name="testGetStudentById" time="0.0"/>
  <testcase classname="student_management.StudentServiceTest" name="testUpdateStudent" time="0.0"/>
</testsuite> <!-- Surefire test -->
