<?xml version="1.0" encoding="UTF-8"?>
<testng-results ignored="0" total="4" passed="4" failed="0" skipped="0">
  <reporter-output>
  </reporter-output>
  <suite started-at="2026-04-06T14:16:01 IST" name="Surefire suite" finished-at="2026-04-06T14:16:01 IST" duration-ms="73">
    <groups>
    </groups>
    <test started-at="2026-04-06T14:16:01 IST" name="Surefire test" finished-at="2026-04-06T14:16:01 IST" duration-ms="73">
      <class name="student_management.StudentServiceTest">
        <test-method is-config="true" signature="setup()[pri:0, instance:student_management.StudentServiceTest@40e6dfe1]" started-at="2026-04-06T14:16:01 IST" name="setup" finished-at="2026-04-06T14:16:01 IST" duration-ms="15" status="PASS">
          <reporter-output>
          </reporter-output>
        </test-method> <!-- setup -->
        <test-method signature="testAddStudent()[pri:0, instance:student_management.StudentServiceTest@40e6dfe1]" started-at="2026-04-06T14:16:01 IST" name="testAddStudent" finished-at="2026-04-06T14:16:01 IST" duration-ms="10" status="PASS">
          <reporter-output>
          </reporter-output>
        </test-method> <!-- testAddStudent -->
        <test-method is-config="true" signature="setup()[pri:0, instance:student_management.StudentServiceTest@40e6dfe1]" started-at="2026-04-06T14:16:01 IST" name="setup" finished-at="2026-04-06T14:16:01 IST" duration-ms="1" status="PASS">
          <reporter-output>
          </reporter-output>
        </test-method> <!-- setup -->
        <test-method signature="testDeleteStudent()[pri:0, instance:student_management.StudentServiceTest@40e6dfe1]" started-at="2026-04-06T14:16:01 IST" name="testDeleteStudent" finished-at="2026-04-06T14:16:01 IST" duration-ms="0" status="PASS">
          <reporter-output>
          </reporter-output>
        </test-method> <!-- testDeleteStudent -->
        <test-method is-config="true" signature="setup()[pri:0, instance:student_management.StudentServiceTest@40e6dfe1]" started-at="2026-04-06T14:16:01 IST" name="setup" finished-at="2026-04-06T14:16:01 IST" duration-ms="1" status="PASS">
          <reporter-output>
          </reporter-output>
        </test-method> <!-- setup -->
        <test-method signature="testGetStudentById()[pri:0, instance:student_management.StudentServiceTest@40e6dfe1]" started-at="2026-04-06T14:16:01 IST" name="testGetStudentById" finished-at="2026-04-06T14:16:01 IST" duration-ms="0" status="PASS">
          <reporter-output>
          </reporter-output>
        </test-method> <!-- testGetStudentById -->
        <test-method is-config="true" signature="setup()[pri:0, instance:student_management.StudentServiceTest@40e6dfe1]" started-at="2026-04-06T14:16:01 IST" name="setup" finished-at="2026-04-06T14:16:01 IST" duration-ms="2" status="PASS">
          <reporter-output>
          </reporter-output>
        </test-method> <!-- setup -->
        <test-method signature="testUpdateStudent()[pri:0, instance:student_management.StudentServiceTest@40e6dfe1]" started-at="2026-04-06T14:16:01 IST" name="testUpdateStudent" finished-at="2026-04-06T14:16:01 IST" duration-ms="0" status="PASS">
          <reporter-output>
          </reporter-output>
        </test-method> <!-- testUpdateStudent -->
      </class> <!-- student_management.StudentServiceTest -->
    </test> <!-- Surefire test -->
  </suite> <!-- Surefire suite -->
</testng-results>
