<?xml version="1.0" encoding="UTF-8"?>
<!-- Generated by org.testng.reporters.JUnitReportReporter -->
<testsuite hostname="Pranay" failures="0" tests="4" name="student_management.StudentServiceTest" time="0.029" errors="0" timestamp="2026-04-06T14:16:01 IST" skipped="0">
  <testcase classname="student_management.StudentServiceTest" name="testGetStudentById" time="0.015"/>
  <testcase classname="student_management.StudentServiceTest" name="testDeleteStudent" time="0.001"/>
  <testcase classname="student_management.StudentServiceTest" name="testAddStudent" time="0.012"/>
  <testcase classname="student_management.StudentServiceTest" name="testUpdateStudent" time="0.001"/>
</testsuite> <!-- student_management.StudentServiceTest -->
